
2024/10/02 (12:21:22) | ===> btop++ v.1.4.0
2024/10/02 (12:21:22) | ERROR: No tty detected!
btop++ needs an interactive shell to run.

2024/11/02 (17:54:37) | ===> btop++ v.1.4.0
2024/11/02 (17:54:37) | ERROR: Stall in Runner thread, restarting!

2024/11/29 (15:50:16) | ===> btop++ v.1.4.0
2024/11/29 (15:50:16) | ERROR: No tty detected!
btop++ needs an interactive shell to run.

2024/12/04 (22:32:16) | ===> btop++ v.1.4.0
2024/12/04 (22:32:16) | ERROR: No tty detected!
btop++ needs an interactive shell to run.

2024/12/14 (10:58:06) | ===> btop++ v.1.4.0
2024/12/14 (10:58:06) | ERROR: No tty detected!
btop++ needs an interactive shell to run.

2024/12/14 (10:58:14) | ===> btop++ v.1.4.0
2024/12/14 (10:58:14) | ERROR: No tty detected!
btop++ needs an interactive shell to run.

2024/12/14 (10:58:53) | ===> btop++ v.1.4.0
2024/12/14 (10:58:53) | ERROR: No tty detected!
btop++ needs an interactive shell to run.

2025/02/19 (15:16:46) | ===> btop++ v.1.4.0
2025/02/19 (15:16:46) | WARNING: Failed to join _runner thread on exit!
